<?xml version="1.0" encoding="UTF-8"?>
<!-- Generated by org.testng.reporters.JUnitReportReporter -->
<testsuite skipped="0" hostname="DESKTOP-BLK1O3O" name="Dataprovider.data2darray" tests="3" failures="0" timestamp="2023-12-19T11:08:01 IST" time="105.683" errors="0">
  <testcase name="demoscript" time="35.228" classname="Dataprovider.data2darray"/>
  <system-out/>
  <testcase name="demoscript" time="35.227" classname="Dataprovider.data2darray"/>
  <system-out/>
  <testcase name="demoscript" time="35.228" classname="Dataprovider.data2darray"/>
  <system-out/>
</testsuite> <!-- Dataprovider.data2darray -->
