<?xml version="1.0" encoding="UTF-8"?>
<!-- Generated by org.testng.reporters.JUnitReportReporter -->
<testsuite skipped="0" hostname="DESKTOP-BLK1O3O" name="Dataprovider.usernmae" tests="4" failures="0" timestamp="2023-12-18T18:13:16 IST" time="49.040" errors="0">
  <testcase name="test" time="10.015" classname="Dataprovider.usernmae"/>
  <system-out/>
  <testcase name="test" time="20.452" classname="Dataprovider.usernmae"/>
  <system-out/>
  <testcase name="test" time="9.677" classname="Dataprovider.usernmae"/>
  <system-out/>
  <testcase name="test" time="8.896" classname="Dataprovider.usernmae"/>
  <system-out/>
</testsuite> <!-- Dataprovider.usernmae -->
