<?xml version="1.0" encoding="UTF-8"?>
<!-- Generated by org.testng.reporters.JUnitReportReporter -->
<testsuite skipped="0" hostname="DESKTOP-BLK1O3O" name="seleniumpgpractise.pgm4" tests="2" failures="0" timestamp="2023-12-14T21:46:18 IST" time="48.502" errors="0">
  <testcase name="Test4" time="25.617" classname="seleniumpgpractise.pgm4"/>
  <system-out/>
  <testcase name="Test4" time="22.885" classname="seleniumpgpractise.pgm4"/>
  <system-out/>
</testsuite> <!-- seleniumpgpractise.pgm4 -->
