<?xml version="1.0" encoding="UTF-8"?>
<!-- Generated by org.testng.reporters.JUnitReportReporter -->
<testsuite skipped="1" hostname="DESKTOP-BLK1O3O" name="Dataprovider.creatingxlfile" tests="3" failures="0" timestamp="2023-12-19T10:00:09 IST" time="32.014" errors="0">
  <testcase name="testing" time="26.325" classname="Dataprovider.creatingxlfile"/>
  <system-out/>
  <testcase name="test1" time="0.000" classname="Dataprovider.creatingxlfile">
    <skipped/>
  </testcase> <!-- test1 -->
  <system-out/>
  <testcase name="testing" time="5.689" classname="Dataprovider.creatingxlfile"/>
  <system-out/>
</testsuite> <!-- Dataprovider.creatingxlfile -->
