<?xml version="1.0" encoding="UTF-8"?>
<!-- Generated by org.testng.reporters.JUnitReportReporter -->
<testsuite skipped="0" hostname="DESKTOP-BLK1O3O" name="seleniumpgpractise.pgm1" tests="1" failures="0" timestamp="2023-12-14T21:47:45 IST" time="60.199" errors="0">
  <testcase name="Test1" time="60.199" classname="seleniumpgpractise.pgm1"/>
  <system-out/>
</testsuite> <!-- seleniumpgpractise.pgm1 -->
