<?xml version="1.0" encoding="UTF-8"?>
<!-- Generated by org.testng.reporters.JUnitReportReporter -->
<testsuite skipped="0" hostname="DESKTOP-BLK1O3O" name="Testngbatchexecution.hp" tests="2" failures="0" timestamp="2023-12-14T22:50:57 IST" time="27.408" errors="0">
  <testcase name="Hp" time="9.566" classname="Testngbatchexecution.hp"/>
  <system-out>
hp  </system-out>
  <testcase name="Hp" time="17.842" classname="Testngbatchexecution.hp"/>
  <system-out>
hp  </system-out>
</testsuite> <!-- Testngbatchexecution.hp -->
