<?xml version="1.0" encoding="UTF-8"?>
<!-- Generated by org.testng.reporters.JUnitReportReporter -->
<testsuite skipped="0" hostname="DESKTOP-BLK1O3O" name="basescript.TestScript2" tests="1" failures="0" timestamp="2023-12-15T17:50:02 IST" time="0.030" errors="0">
  <testcase name="loginWithValidCred" time="0.030" classname="basescript.TestScript2"/>
  <system-out>
from login with valid credentials  </system-out>
</testsuite> <!-- basescript.TestScript2 -->
