<?xml version="1.0" encoding="UTF-8"?>
<!-- Generated by org.testng.reporters.JUnitReportReporter -->
<testsuite skipped="0" hostname="DESKTOP-BLK1O3O" name="Dataprovider.data2darrayfromdata" tests="3" failures="0" timestamp="2023-12-19T12:03:04 IST" time="119.679" errors="0">
  <testcase name="demoscript" time="39.738" classname="Dataprovider.data2darrayfromdata"/>
  <system-out/>
  <testcase name="demoscript" time="40.212" classname="Dataprovider.data2darrayfromdata"/>
  <system-out/>
  <testcase name="demoscript" time="39.729" classname="Dataprovider.data2darrayfromdata"/>
  <system-out/>
</testsuite> <!-- Dataprovider.data2darrayfromdata -->
