<?xml version="1.0" encoding="UTF-8"?>
<!-- Generated by org.testng.reporters.JUnitReportReporter -->
<testsuite skipped="0" hostname="DESKTOP-BLK1O3O" name="seleniumpgpractise.pgm5" tests="2" failures="0" timestamp="2023-12-14T21:46:18 IST" time="28.834" errors="0">
  <testcase name="Test5" time="17.710" classname="seleniumpgpractise.pgm5"/>
  <system-out/>
  <testcase name="Test5" time="11.124" classname="seleniumpgpractise.pgm5"/>
  <system-out/>
</testsuite> <!-- seleniumpgpractise.pgm5 -->
