<?xml version="1.0" encoding="UTF-8"?>
<!-- Generated by org.testng.reporters.JUnitReportReporter -->
<testsuite skipped="0" hostname="DESKTOP-BLK1O3O" name="Testngbatchexecution.Infinix" tests="2" failures="0" timestamp="2023-12-14T22:50:57 IST" time="220.854" errors="0">
  <testcase name="infinix" time="111.631" classname="Testngbatchexecution.Infinix"/>
  <system-out>
infinix  </system-out>
  <testcase name="infinix" time="109.223" classname="Testngbatchexecution.Infinix"/>
  <system-out>
infinix  </system-out>
</testsuite> <!-- Testngbatchexecution.Infinix -->
