<?xml version="1.0" encoding="UTF-8"?>
<!-- Generated by org.testng.reporters.JUnitReportReporter -->
<testsuite skipped="0" hostname="DESKTOP-BLK1O3O" name="Testngbatchexecution.Dell" tests="1" failures="0" timestamp="2023-12-14T10:52:01 IST" time="21.509" errors="0">
  <testcase name="Dell" time="21.509" classname="Testngbatchexecution.Dell"/>
  <system-out>
Dell  </system-out>
</testsuite> <!-- Testngbatchexecution.Dell -->
