<?xml version="1.0" encoding="UTF-8"?>
<!-- Generated by org.testng.reporters.JUnitReportReporter -->
<testsuite skipped="0" hostname="DESKTOP-BLK1O3O" name="Crossbrowsertesting.timeout3" tests="2" failures="0" timestamp="2023-12-14T17:52:02 IST" time="34.740" errors="0">
  <testcase name="test3" time="8.109" classname="Crossbrowsertesting.timeout3"/>
  <system-out>
Hai  </system-out>
  <testcase name="test3" time="26.631" classname="Crossbrowsertesting.timeout3"/>
  <system-out>
Hai  </system-out>
</testsuite> <!-- Crossbrowsertesting.timeout3 -->
