<?xml version="1.0" encoding="UTF-8"?>
<!-- Generated by org.testng.reporters.JUnitReportReporter -->
<testsuite skipped="0" hostname="DESKTOP-BLK1O3O" name="Testngbatchexecution.mac" tests="1" failures="0" timestamp="2023-12-14T22:50:57 IST" time="17.872" errors="0">
  <testcase name="test" time="17.872" classname="Testngbatchexecution.mac"/>
  <system-out>
Hai  </system-out>
</testsuite> <!-- Testngbatchexecution.mac -->
