<?xml version="1.0" encoding="UTF-8"?>
<!-- Generated by org.testng.reporters.JUnitReportReporter -->
<testsuite skipped="0" hostname="DESKTOP-BLK1O3O" name="Dataprovider.normalstringurls" tests="2" failures="0" timestamp="2023-12-19T00:14:21 IST" time="29.657" errors="0">
  <testcase name="testing" time="11.826" classname="Dataprovider.normalstringurls"/>
  <system-out/>
  <testcase name="testing" time="17.831" classname="Dataprovider.normalstringurls"/>
  <system-out/>
</testsuite> <!-- Dataprovider.normalstringurls -->
