<?xml version="1.0" encoding="UTF-8"?>
<!-- Generated by org.testng.reporters.JUnitReportReporter -->
<testsuite skipped="0" hostname="DESKTOP-BLK1O3O" name="seleniumpgpractise.pgm2" tests="2" failures="0" timestamp="2023-12-14T21:46:18 IST" time="30.323" errors="0">
  <testcase name="Test2" time="6.750" classname="seleniumpgpractise.pgm2"/>
  <system-out/>
  <testcase name="Test2" time="23.573" classname="seleniumpgpractise.pgm2"/>
  <system-out/>
</testsuite> <!-- seleniumpgpractise.pgm2 -->
