<?xml version="1.0" encoding="UTF-8"?>
<!-- Generated by org.testng.reporters.JUnitReportReporter -->
<testsuite skipped="0" hostname="DESKTOP-BLK1O3O" name="seleniumpgpractise.pgm3" tests="2" failures="0" timestamp="2023-12-14T21:46:18 IST" time="27.996" errors="0">
  <testcase name="Test3" time="17.862" classname="seleniumpgpractise.pgm3"/>
  <system-out/>
  <testcase name="Test3" time="10.134" classname="seleniumpgpractise.pgm3"/>
  <system-out/>
</testsuite> <!-- seleniumpgpractise.pgm3 -->
